
Check if repos user already exists.

old   6:    WHERE username=UPPER('&EM_REPOS_USER');
new   6:    WHERE username=UPPER('SYSMAN');
old   8:   IF ( '&EM_CHECK_TYPE' = 'EXISTS') THEN
new   8:   IF ( 'NOT_EXISTS' = 'EXISTS') THEN
old  11:       raise_application_error(-20000, '&EM_REPOS_USER does not exists..');
new  11:       raise_application_error(-20000, 'SYSMAN does not exists..');
old  14:   ELSIF ( '&EM_CHECK_TYPE' = 'NOT_EXISTS' ) THEN
new  14:   ELSIF ( 'NOT_EXISTS' = 'NOT_EXISTS' ) THEN
old  17:       raise_application_error(-20001, '&EM_REPOS_USER already exists..');
new  17:       raise_application_error(-20001, 'SYSMAN already exists..');
old  21:       raise_application_error(-20002, 'Invalid Check type &EM_CHECK_TYPE');
new  21:       raise_application_error(-20002, 'Invalid Check type NOT_EXISTS');

Create SYSMAN user.

No errors.

Create core schema..

Creating Types
No errors.
No errors.
No errors.
No errors.
No errors.
No errors.
No errors.
No errors.
No errors.
No errors.
Creating Tables
Creating Tables
Creating Indexes/Constraints
Creating Indexes/Constraints
Creating Package definitions
No errors.
No errors.
No errors.
No errors.
No errors.
No errors.
No errors.
No errors.
No errors.
No errors.
No errors.
No errors.
No errors.
No errors.
No errors.
No errors.
No errors.
No errors.
No errors.
No errors.
No errors.
No errors.
No errors.
No errors.
No errors.
No errors.
No errors.
No errors.
No errors.
No errors.
No errors.
No errors.
No errors.
No errors.
No errors.
No errors.
No errors.
No errors.
No errors.
No errors.
No errors.
No errors.
No errors.
No errors.
No errors.
No errors.
No errors.
No errors.
No errors.
No errors.
No errors.
No errors.
No errors.
No errors.
No errors.
No errors.
No errors.
No errors.
No errors.
No errors.
No errors.
No errors.
No errors.
No errors.
No errors.
No errors.
No errors.
No errors.
No errors.
No errors.
No errors.
No errors.
No errors.
No errors.
No errors.
No errors.
No errors.
No errors.
No errors.
No errors.
No errors.
No errors.
No errors.
No errors.
No errors.
No errors.
No errors.
No errors.
No errors.
No errors.
No errors.
No errors.
No errors.
No errors.
No errors.
No errors.
No errors.
No errors.
No errors.
No errors.
No errors.
No errors.
No errors.
No errors.
No errors.
No errors.
No errors.
No errors.
Creating Functions
No errors.
No errors.
No errors.
No errors.
No errors.
No errors.
No errors.
No errors.
Creating Procedures
No errors.
No errors.
Creating Views
Creating Package bodies
No errors.
No errors.
No errors.
No errors.
No errors.
No errors.
No errors.
No errors.
No errors.
No errors.
No errors.
No errors.
No errors.
No errors.
No errors.
No errors.
No errors.
No errors.
No errors.
No errors.
No errors.
No errors.
No errors.
No errors.
No errors.
No errors.
No errors.
No errors.
No errors.
No errors.
No errors.
No errors.
No errors.
No errors.
No errors.
No errors.
No errors.
No errors.
No errors.
No errors.
No errors.
No errors.
No errors.
No errors.
No errors.
No errors.
No errors.
No errors.
No errors.
No errors.
No errors.
No errors.
No errors.
No errors.
No errors.
No errors.
No errors.
No errors.
No errors.
No errors.
No errors.
No errors.
No errors.
No errors.
No errors.
No errors.
No errors.
No errors.
No errors.
No errors.
No errors.
No errors.
No errors.
No errors.
No errors.
No errors.
No errors.
No errors.
No errors.
No errors.
No errors.
No errors.
No errors.
No errors.
No errors.
No errors.
No errors.
No errors.
No errors.
No errors.
No errors.
No errors.
No errors.
No errors.
No errors.
No errors.
No errors.
No errors.
No errors.
No errors.
No errors.
No errors.
No errors.
No errors.
No errors.
No errors.
No errors.
Creating Triggers
No errors.
No errors.
No errors.
No errors.
No errors.
No errors.
No errors.
No errors.
No errors.
No errors.
No errors.
No errors.
No errors.
No errors.
No errors.
No errors.
No errors.
No errors.
No errors.
No errors.
No errors.
No errors.
No errors.
No errors.
No errors.
No errors.
No errors.
No errors.
No errors.
No errors.
No errors.
Creating Type Bodies
No errors.
No errors.

Create db schema..

No errors.

PL/SQL procedure successfully completed.

No errors.

Table created.


Session altered.


PL/SQL procedure successfully completed.

No errors.

Session altered.


Commit complete.


Table created.


Table created.


Table altered.


Table altered.


Index created.


Table altered.


Table altered.


Table altered.


Table altered.


Table altered.


Package created.

No errors.

Package created.

No errors.

Package created.

No errors.

Type created.


Package created.

No errors.

Package created.

No errors.

View created.


View created.


View created.


View created.


View created.


View created.


View created.


View created.


View created.


View created.


View created.


View created.


View created.


View created.


View created.


View created.


View created.


View created.


PL/SQL procedure successfully completed.


View created.


PL/SQL procedure successfully completed.


View created.


PL/SQL procedure successfully completed.


View created.


PL/SQL procedure successfully completed.


View created.


PL/SQL procedure successfully completed.


View created.


View created.


Comment created.


Comment created.


Comment created.


Comment created.


Comment created.


Comment created.


Comment created.


Comment created.


Comment created.


Comment created.


Comment created.


Comment created.


Comment created.


Comment created.


Comment created.


Comment created.


View created.


Comment created.


Comment created.


Comment created.


Comment created.


Comment created.


Comment created.


Comment created.


Comment created.


Comment created.


Comment created.


Comment created.


Comment created.


Comment created.


Comment created.


Comment created.


Comment created.


Comment created.


Comment created.


Comment created.


Comment created.


Comment created.


View created.


Comment created.


Comment created.


Comment created.


Comment created.


Comment created.


Comment created.


Comment created.


Comment created.


Comment created.


Comment created.


Comment created.


Comment created.


Comment created.


Comment created.


Comment created.


Comment created.


Comment created.


View created.


Comment created.


Comment created.


Comment created.


Comment created.


Comment created.


Comment created.


Comment created.


Comment created.


Comment created.


Comment created.


Comment created.


Comment created.


Comment created.


Comment created.


Comment created.


Comment created.


Comment created.


Comment created.


Comment created.


Comment created.


Comment created.


Comment created.


Comment created.


Comment created.


Comment created.


Comment created.


Comment created.


Comment created.


Comment created.


Comment created.


Comment created.


Comment created.


View created.


Comment created.


Comment created.


Comment created.


Comment created.


Comment created.


Comment created.


Comment created.


Comment created.


Comment created.


Comment created.


Comment created.


Comment created.


Comment created.


Comment created.


Comment created.


Comment created.


Comment created.


Comment created.


Comment created.


Comment created.


Comment created.


Comment created.


Comment created.


Comment created.


Comment created.


Comment created.


Comment created.


Comment created.


Comment created.


Comment created.


Comment created.


Comment created.


Comment created.


Comment created.


Comment created.


Comment created.


View created.


Comment created.


Comment created.


Comment created.


Comment created.


Comment created.


Comment created.


Comment created.


Comment created.


Comment created.


Comment created.


Comment created.


Comment created.


Comment created.


Comment created.


Comment created.


Comment created.


Comment created.


Comment created.


Comment created.


Comment created.


Comment created.


Comment created.


Comment created.


Comment created.


Comment created.


Comment created.


View created.


Comment created.


Comment created.


Comment created.


Comment created.


Comment created.


Comment created.


Comment created.


Comment created.


Comment created.


View created.


Comment created.


Comment created.


Comment created.


Comment created.


Comment created.


Comment created.


Comment created.


Comment created.


Comment created.


Comment created.


Comment created.


Comment created.


Comment created.


Comment created.


Comment created.


Comment created.


Comment created.


Comment created.


Comment created.


Comment created.


Comment created.


Comment created.


Comment created.


Comment created.


Comment created.


Comment created.


Comment created.


Comment created.


Comment created.


Comment created.


Comment created.


Comment created.


Comment created.


Comment created.


Comment created.


Comment created.


Comment created.


Comment created.


Comment created.


Comment created.


Comment created.


Comment created.


Comment created.


Comment created.


Comment created.


Comment created.


View created.


Comment created.


Comment created.


Comment created.


Comment created.


Comment created.


Comment created.


Comment created.


Comment created.


Comment created.


Comment created.


Comment created.


Comment created.


Comment created.


Comment created.


Comment created.


Comment created.


Comment created.


Comment created.


Comment created.


Comment created.


Comment created.


Comment created.


Comment created.


Comment created.


View created.


View created.


View created.


Trigger created.


Trigger created.

No errors.

Trigger created.

No errors.

Package body created.

No errors.

Package body created.

No errors.

Package body created.

No errors.

Package body created.

No errors.

Package body created.

No errors.

Recompile invalid objects...


PL/SQL procedure successfully completed.


Initialize core..

Performing CORE initialization

PL/SQL procedure successfully completed.


PL/SQL procedure successfully completed.


1 row created.


Commit complete.


PL/SQL procedure successfully completed.


1 row created.


Commit complete.


PL/SQL procedure successfully completed.


PL/SQL procedure successfully completed.


PL/SQL procedure successfully completed.


PL/SQL procedure successfully completed.


PL/SQL procedure successfully completed.


1 row created.


1 row created.


1 row created.


1 row created.


1 row created.


1 row created.


1 row created.


1 row created.


1 row created.


1 row created.


1 row created.


1 row created.


1 row created.


1 row created.


1 row created.


1 row created.


1 row created.


1 row created.


1 row created.


1 row created.


PL/SQL procedure successfully completed.


PL/SQL procedure successfully completed.


PL/SQL procedure successfully completed.


PL/SQL procedure successfully completed.


1 row created.


1 row created.


1 row created.


PL/SQL procedure successfully completed.


PL/SQL procedure successfully completed.


PL/SQL procedure successfully completed.




1 row selected.


PL/SQL procedure successfully completed.


PL/SQL procedure successfully completed.


1 row created.


PL/SQL procedure successfully completed.


PL/SQL procedure successfully completed.


PL/SQL procedure successfully completed.


PL/SQL procedure successfully completed.


PL/SQL procedure successfully completed.


PL/SQL procedure successfully completed.


PL/SQL procedure successfully completed.


PL/SQL procedure successfully completed.


PL/SQL procedure successfully completed.


PL/SQL procedure successfully completed.


PL/SQL procedure successfully completed.


PL/SQL procedure successfully completed.


PL/SQL procedure successfully completed.


PL/SQL procedure successfully completed.


PL/SQL procedure successfully completed.


PL/SQL procedure successfully completed.


PL/SQL procedure successfully completed.


PL/SQL procedure successfully completed.


PL/SQL procedure successfully completed.


PL/SQL procedure successfully completed.


PL/SQL procedure successfully completed.


0 rows deleted.


1 row created.


1 row created.


1 row created.


1 row created.


1 row created.


1 row created.


1 row created.


1 row created.


1 row created.


1 row created.


1 row created.


1 row created.


1 row created.


1 row created.


1 row created.


1 row created.


1 row created.


1 row created.


1 row created.


1 row created.


1 row created.


1 row created.


Commit complete.


0 rows deleted.


1 row created.


1 row created.


1 row created.


1 row created.


Commit complete.


Commit complete.


1 row created.


1 row created.


1 row created.


1 row created.


1 row created.


1 row created.


1 row created.


1 row created.


1 row created.


1 row created.


1 row created.


1 row created.


1 row created.


1 row created.


Commit complete.


View created.


View created.


View created.


View created.


View created.


View created.


View created.


View created.


View created.


View created.


View created.

No errors.

Session altered.


PL/SQL procedure successfully completed.


Session altered.


Commit complete.


Session altered.


PL/SQL procedure successfully completed.


Session altered.


Commit complete.


Session altered.


PL/SQL procedure successfully completed.


Session altered.


Commit complete.


Session altered.


PL/SQL procedure successfully completed.


Session altered.


Commit complete.


Commit complete.


PL/SQL procedure successfully completed.


PL/SQL procedure successfully completed.


Commit complete.


Session altered.


Session altered.


PL/SQL procedure successfully completed.

No errors.

Session altered.


Commit complete.


PL/SQL procedure successfully completed.


PL/SQL procedure successfully completed.


PL/SQL procedure successfully completed.


PL/SQL procedure successfully completed.


PL/SQL procedure successfully completed.


PL/SQL procedure successfully completed.


PL/SQL procedure successfully completed.


Commit complete.


PL/SQL procedure successfully completed.


Commit complete.


PL/SQL procedure successfully completed.


PL/SQL procedure successfully completed.


PL/SQL procedure successfully completed.


PL/SQL procedure successfully completed.


PL/SQL procedure successfully completed.


PL/SQL procedure successfully completed.


PL/SQL procedure successfully completed.


PL/SQL procedure successfully completed.


PL/SQL procedure successfully completed.


PL/SQL procedure successfully completed.


1 row created.


PL/SQL procedure successfully completed.


PL/SQL procedure successfully completed.


1 row created.


1 row created.


1 row created.


1 row created.


1 row created.


1 row created.


1 row created.


1 row created.


1 row created.


1 row created.


1 row created.


1 row created.


1 row created.


1 row created.


1 row created.


1 row created.


1 row created.


1 row created.


1 row created.


1 row created.


1 row created.


1 row created.


1 row created.


1 row created.


1 row created.


1 row created.


1 row created.


1 row created.


1 row created.


1 row created.


1 row created.


1 row created.


1 row created.


1 row created.


Commit complete.


PL/SQL procedure successfully completed.


PL/SQL procedure successfully completed.


PL/SQL procedure successfully completed.


PL/SQL procedure successfully completed.

No errors.

PL/SQL procedure successfully completed.

No errors.

PL/SQL procedure successfully completed.


PL/SQL procedure successfully completed.


Commit complete.


PL/SQL procedure successfully completed.


Commit complete.


PL/SQL procedure successfully completed.


Commit complete.

Registering job types

Initialize DB..




Commit complete.

Registering target types

Commit complete.

Registering job types

Create MGMT_VIEW user..

No errors.
No errors.

Set repository version


==============  End of creation  ==============

